
▓ Программа: "vip.exe"  Время запуска: 10:40:40 27/06/2022
▓ Исполняемый модуль: "d:\01_DEV\01_VIPER\Viper 7.5\bin\7.5.6.0\Exe\vip.exe"
▓ Система: Windows NT

Менеджер динамической памяти ".SysUserHeap(.SysUser)"
Потеряно блоков: 65, байтов: 1460


▓ Программа: "vip.exe"  Время запуска: 10:54:03 27/06/2022
▓ Исполняемый модуль: "d:\01_DEV\01_VIPER\Viper 7.5\bin\7.5.6.0\Exe\vip.exe"
▓ Система: Windows NT

Менеджер динамической памяти ".SysUserHeap(.SysUser)"
Потеряно блоков: 65, байтов: 1464


▓ Программа: "vip.exe"  Время запуска: 11:02:23 27/06/2022
▓ Исполняемый модуль: "d:\01_DEV\01_VIPER\Viper 7.5\bin\7.5.6.0\Exe\vip.exe"
▓ Система: Windows NT

Менеджер динамической памяти ".SysUserHeap(.SysUser)"
Потеряно блоков: 47, байтов: 1068


▓ Программа: "vip.exe"  Время запуска: 11:02:32 27/06/2022
▓ Исполняемый модуль: "d:\01_DEV\01_VIPER\Viper 7.5\bin\7.5.6.0\Exe\vip.exe"
▓ Система: Windows NT

Менеджер динамической памяти ".SysUserHeap(.SysUser)"
Потеряно блоков: 65, байтов: 1460


▓ Программа: "vip.exe"  Время запуска: 11:04:50 27/06/2022
▓ Исполняемый модуль: "d:\01_DEV\01_VIPER\Viper 7.5\bin\7.5.6.0\Exe\vip.exe"
▓ Система: Windows NT

Менеджер динамической памяти ".SysUserHeap(.SysUser)"
Потеряно блоков: 65, байтов: 1460

